<?xml version="1.0" encoding="UTF-8"?>
<!-- Generated by org.testng.reporters.JUnitXMLReporter -->
<testsuite ignored="0" hostname="TANMOY_DATTA" failures="0" tests="7" name="Default test" time="91.223" errors="0" timestamp="2023-03-10T14:19:58 BDT">
  <testcase classname="testcases.TestCase" name="HomePage" time="5.945"/>
  <testcase classname="testcases.TestCase" name="LoginPage" time="5.507"/>
  <testcase classname="testcases.TestCase" name="testLogInValidCredentialsUsingDataprovider" time="13.268"/>
  <testcase classname="testcases.TestCase" name="AfterLogInHomePages" time="18.97"/>
  <testcase classname="testcases.TestCase" name="NextPage" time="9.939"/>
  <testcase classname="testcases.TestCase" name="ADDTOCART" time="8.844"/>
  <testcase classname="testcases.TestCase" name="OrderPlace" time="23.604"/>
</testsuite> <!-- Default test -->
