<?xml version="1.0" encoding="UTF-8"?>
<!-- Generated by org.testng.reporters.JUnitXMLReporter -->
<testsuite ignored="0" hostname="TANMOY_DATTA" failures="0" tests="7" name="Test" time="91.372" errors="0" timestamp="2023-03-10T14:43:40 BDT">
  <testcase classname="testcases.TestCase" name="HomePage" time="6.019"/>
  <testcase classname="testcases.TestCase" name="LoginPage" time="5.047"/>
  <testcase classname="testcases.TestCase" name="testLogInValidCredentialsUsingDataprovider" time="13.047"/>
  <testcase classname="testcases.TestCase" name="AfterLogInHomePages" time="17.133"/>
  <testcase classname="testcases.TestCase" name="NextPage" time="8.683"/>
  <testcase classname="testcases.TestCase" name="ADDTOCART" time="9.571"/>
  <testcase classname="testcases.TestCase" name="OrderPlace" time="26.267"/>
</testsuite> <!-- Test -->
