<?xml version="1.0" encoding="UTF-8"?>
<!-- Generated by org.testng.reporters.JUnitXMLReporter -->
<testsuite ignored="0" hostname="TANMOY_DATTA" failures="0" tests="7" name="Test" time="91.132" errors="0" timestamp="2023-03-10T13:47:45 BDT">
  <testcase classname="testcases.TestCase" name="HomePage" time="6.739"/>
  <testcase classname="testcases.TestCase" name="LoginPage" time="4.387"/>
  <testcase classname="testcases.TestCase" name="testLogInValidCredentialsUsingDataprovider" time="12.71"/>
  <testcase classname="testcases.TestCase" name="AfterLogInHomePages" time="21.135"/>
  <testcase classname="testcases.TestCase" name="NextPage" time="8.874"/>
  <testcase classname="testcases.TestCase" name="ADDTOCART" time="8.032"/>
  <testcase classname="testcases.TestCase" name="OrderPlace" time="24.139"/>
</testsuite> <!-- Test -->
