<?xml version="1.0" encoding="UTF-8"?>
<testng-results ignored="0" total="7" passed="7" failed="0" skipped="0">
  <reporter-output>
  </reporter-output>
  <suite started-at="2023-03-10T13:46:14 BDT" name="Suite" finished-at="2023-03-10T13:47:45 BDT" duration-ms="91132">
    <groups>
    </groups>
    <test started-at="2023-03-10T13:46:14 BDT" name="Test" finished-at="2023-03-10T13:47:45 BDT" duration-ms="91132">
      <class name="testcases.TestCase">
        <test-method is-config="true" signature="setBrowser()[pri:0, instance:testcases.TestCase@2cf3d63b]" started-at="2023-03-10T13:46:14 BDT" name="setBrowser" finished-at="2023-03-10T13:46:19 BDT" duration-ms="4367" status="PASS">
          <reporter-output>
          </reporter-output>
        </test-method> <!-- setBrowser -->
        <test-method signature="HomePage()[pri:0, instance:testcases.TestCase@2cf3d63b]" started-at="2023-03-10T13:46:19 BDT" name="HomePage" description="Visit this site and show the Homepages" finished-at="2023-03-10T13:46:25 BDT" duration-ms="6739" status="PASS">
          <reporter-output>
          </reporter-output>
        </test-method> <!-- HomePage -->
        <test-method signature="LoginPage()[pri:1, instance:testcases.TestCase@2cf3d63b]" started-at="2023-03-10T13:46:26 BDT" name="LoginPage" description="Click on the Login pages" finished-at="2023-03-10T13:46:30 BDT" duration-ms="4387" status="PASS">
          <reporter-output>
          </reporter-output>
        </test-method> <!-- LoginPage -->
        <test-method signature="testLogInValidCredentialsUsingDataprovider(java.lang.String,java.lang.String)[pri:2, instance:testcases.TestCase@2cf3d63b]" started-at="2023-03-10T13:46:30 BDT" name="testLogInValidCredentialsUsingDataprovider" description="Enter a valid email and valid password in LogIn pages" data-provider="ValidCredensial" finished-at="2023-03-10T13:46:43 BDT" duration-ms="12710" status="PASS">
          <params>
            <param index="0">
              <value>
                <![CDATA[tanmoycse3@gmail.com]]>
              </value>
            </param>
            <param index="1">
              <value>
                <![CDATA[pass123#]]>
              </value>
            </param>
          </params>
          <reporter-output>
          </reporter-output>
        </test-method> <!-- testLogInValidCredentialsUsingDataprovider -->
        <test-method signature="AfterLogInHomePages()[pri:3, instance:testcases.TestCase@2cf3d63b]" started-at="2023-03-10T13:46:43 BDT" name="AfterLogInHomePages" description="Hover Story Book and click on the Friction" finished-at="2023-03-10T13:47:04 BDT" duration-ms="21135" status="PASS">
          <reporter-output>
          </reporter-output>
        </test-method> <!-- AfterLogInHomePages -->
        <test-method signature="NextPage()[pri:4, instance:testcases.TestCase@2cf3d63b]" started-at="2023-03-10T13:47:04 BDT" name="NextPage" description="Scroll Down And Go to the Next Page" finished-at="2023-03-10T13:47:13 BDT" duration-ms="8874" status="PASS">
          <reporter-output>
          </reporter-output>
        </test-method> <!-- NextPage -->
        <test-method signature="ADDTOCART()[pri:5, instance:testcases.TestCase@2cf3d63b]" started-at="2023-03-10T13:47:13 BDT" name="ADDTOCART" description="View any book, Add to Cart And Hover Cart Icon and Click Checkout" finished-at="2023-03-10T13:47:21 BDT" duration-ms="8032" status="PASS">
          <reporter-output>
          </reporter-output>
        </test-method> <!-- ADDTOCART -->
        <test-method signature="OrderPlace()[pri:6, instance:testcases.TestCase@2cf3d63b]" started-at="2023-03-10T13:47:21 BDT" name="OrderPlace" description="Provide all information on this page And Place Order" finished-at="2023-03-10T13:47:45 BDT" duration-ms="24139" status="PASS">
          <reporter-output>
          </reporter-output>
        </test-method> <!-- OrderPlace -->
        <test-method is-config="true" signature="quitBrowser()[pri:0, instance:testcases.TestCase@2cf3d63b]" started-at="2023-03-10T13:47:45 BDT" name="quitBrowser" finished-at="2023-03-10T13:47:45 BDT" duration-ms="468" status="PASS">
          <reporter-output>
          </reporter-output>
        </test-method> <!-- quitBrowser -->
      </class> <!-- testcases.TestCase -->
    </test> <!-- Test -->
  </suite> <!-- Suite -->
</testng-results>
