<?xml version="1.0" encoding="UTF-8"?>
<testng-results ignored="0" total="1" passed="1" failed="0" skipped="0">
  <reporter-output>
  </reporter-output>
  <suite started-at="2023-03-05T15:06:50 BDT" name="Default suite" finished-at="2023-03-05T15:08:14 BDT" duration-ms="83304">
    <groups>
    </groups>
    <test started-at="2023-03-05T15:06:50 BDT" name="Default test" finished-at="2023-03-05T15:08:14 BDT" duration-ms="83304">
      <class name="testcases.TestCase">
        <test-method is-config="true" signature="setBrowser()[pri:0, instance:testcases.TestCase@2ddc9a9f]" started-at="2023-03-05T15:06:51 BDT" name="setBrowser" finished-at="2023-03-05T15:06:56 BDT" duration-ms="5677" status="PASS">
          <reporter-output>
          </reporter-output>
        </test-method> <!-- setBrowser -->
        <test-method signature="AllTest()[pri:0, instance:testcases.TestCase@2ddc9a9f]" started-at="2023-03-05T15:06:56 BDT" name="AllTest" finished-at="2023-03-05T15:08:13 BDT" duration-ms="76736" status="PASS">
          <reporter-output>
          </reporter-output>
        </test-method> <!-- AllTest -->
        <test-method is-config="true" signature="quitBrowser()[pri:0, instance:testcases.TestCase@2ddc9a9f]" started-at="2023-03-05T15:08:13 BDT" name="quitBrowser" finished-at="2023-03-05T15:08:14 BDT" duration-ms="801" status="PASS">
          <reporter-output>
          </reporter-output>
        </test-method> <!-- quitBrowser -->
      </class> <!-- testcases.TestCase -->
    </test> <!-- Default test -->
  </suite> <!-- Default suite -->
</testng-results>
